0 info it worked if it ends with ok
1 verbose cli [ '/usr/local/bin/node', '/usr/local/bin/npm', 'install' ]
2 info using npm@1.4.28
3 info using node@v0.10.33
4 verbose readDependencies using package.json deps
5 verbose install where, deps [ '/home/sarah/TEAM-SORD/hapiweek.github.io',
5 verbose install   [ 'bell',
5 verbose install     'chai',
5 verbose install     'hapi',
5 verbose install     'hapi-auth-cookie',
5 verbose install     'jade',
5 verbose install     'joi',
5 verbose install     'lab',
5 verbose install     'mongodb-uri',
5 verbose install     'mongoose',
5 verbose install     'path' ] ]
6 info preinstall hapiweek.github.io@1.0.0
7 verbose readDependencies using package.json deps
8 verbose cache add [ 'jade@^1.9.2', null ]
9 verbose cache add name=undefined spec="jade@^1.9.2" args=["jade@^1.9.2",null]
10 verbose parsed url { protocol: null,
10 verbose parsed url   slashes: null,
10 verbose parsed url   auth: null,
10 verbose parsed url   host: null,
10 verbose parsed url   port: null,
10 verbose parsed url   hostname: null,
10 verbose parsed url   hash: null,
10 verbose parsed url   search: null,
10 verbose parsed url   query: null,
10 verbose parsed url   pathname: 'jade@^1.9.2',
10 verbose parsed url   path: 'jade@^1.9.2',
10 verbose parsed url   href: 'jade@^1.9.2' }
11 verbose already installed skipping joi@^6.0.8 /home/sarah/TEAM-SORD/hapiweek.github.io
12 verbose cache add name="jade" spec="^1.9.2" args=["jade","^1.9.2"]
13 verbose parsed url { protocol: null,
13 verbose parsed url   slashes: null,
13 verbose parsed url   auth: null,
13 verbose parsed url   host: null,
13 verbose parsed url   port: null,
13 verbose parsed url   hostname: null,
13 verbose parsed url   hash: null,
13 verbose parsed url   search: null,
13 verbose parsed url   query: null,
13 verbose parsed url   pathname: '^1.9.2',
13 verbose parsed url   path: '^1.9.2',
13 verbose parsed url   href: '^1.9.2' }
14 verbose addNamed [ 'jade', '^1.9.2' ]
15 verbose addNamed [ null, '>=1.9.2-0 <2.0.0-0' ]
16 verbose already installed skipping lab@^5.5.0 /home/sarah/TEAM-SORD/hapiweek.github.io
17 silly lockFile 381ca5c2-jade-1-9-2 jade@^1.9.2
18 verbose lock jade@^1.9.2 /home/sarah/.npm/381ca5c2-jade-1-9-2.lock
19 verbose already installed skipping mongodb-uri@^0.9.7 /home/sarah/TEAM-SORD/hapiweek.github.io
20 verbose already installed skipping mongoose@^3.8.25 /home/sarah/TEAM-SORD/hapiweek.github.io
21 verbose cache add [ 'path@^-1.11.14', null ]
22 verbose cache add name=undefined spec="path@^-1.11.14" args=["path@^-1.11.14",null]
23 verbose parsed url { protocol: null,
23 verbose parsed url   slashes: null,
23 verbose parsed url   auth: null,
23 verbose parsed url   host: null,
23 verbose parsed url   port: null,
23 verbose parsed url   hostname: null,
23 verbose parsed url   hash: null,
23 verbose parsed url   search: null,
23 verbose parsed url   query: null,
23 verbose parsed url   pathname: 'path@^-1.11.14',
23 verbose parsed url   path: 'path@^-1.11.14',
23 verbose parsed url   href: 'path@^-1.11.14' }
24 verbose cache add name="path" spec="^-1.11.14" args=["path","^-1.11.14"]
25 verbose parsed url { protocol: null,
25 verbose parsed url   slashes: null,
25 verbose parsed url   auth: null,
25 verbose parsed url   host: null,
25 verbose parsed url   port: null,
25 verbose parsed url   hostname: null,
25 verbose parsed url   hash: null,
25 verbose parsed url   search: null,
25 verbose parsed url   query: null,
25 verbose parsed url   pathname: '^-1.11.14',
25 verbose parsed url   path: '^-1.11.14',
25 verbose parsed url   href: '^-1.11.14' }
26 verbose addNamed [ 'path', '^-1.11.14' ]
27 verbose addNamed [ null, null ]
28 silly lockFile aa4017a5-path-1-11-14 path@^-1.11.14
29 verbose lock path@^-1.11.14 /home/sarah/.npm/aa4017a5-path-1-11-14.lock
30 verbose cache add [ 'bell@^2.2.0', null ]
31 verbose cache add name=undefined spec="bell@^2.2.0" args=["bell@^2.2.0",null]
32 verbose parsed url { protocol: null,
32 verbose parsed url   slashes: null,
32 verbose parsed url   auth: null,
32 verbose parsed url   host: null,
32 verbose parsed url   port: null,
32 verbose parsed url   hostname: null,
32 verbose parsed url   hash: null,
32 verbose parsed url   search: null,
32 verbose parsed url   query: null,
32 verbose parsed url   pathname: 'bell@^2.2.0',
32 verbose parsed url   path: 'bell@^2.2.0',
32 verbose parsed url   href: 'bell@^2.2.0' }
33 verbose cache add name="bell" spec="^2.2.0" args=["bell","^2.2.0"]
34 verbose parsed url { protocol: null,
34 verbose parsed url   slashes: null,
34 verbose parsed url   auth: null,
34 verbose parsed url   host: null,
34 verbose parsed url   port: null,
34 verbose parsed url   hostname: null,
34 verbose parsed url   hash: null,
34 verbose parsed url   search: null,
34 verbose parsed url   query: null,
34 verbose parsed url   pathname: '^2.2.0',
34 verbose parsed url   path: '^2.2.0',
34 verbose parsed url   href: '^2.2.0' }
35 verbose addNamed [ 'bell', '^2.2.0' ]
36 verbose addNamed [ null, '>=2.2.0-0 <3.0.0-0' ]
37 silly lockFile d59e6564-bell-2-2-0 bell@^2.2.0
38 verbose lock bell@^2.2.0 /home/sarah/.npm/d59e6564-bell-2-2-0.lock
39 verbose cache add [ 'chai@^2.1.2', null ]
40 verbose cache add name=undefined spec="chai@^2.1.2" args=["chai@^2.1.2",null]
41 verbose parsed url { protocol: null,
41 verbose parsed url   slashes: null,
41 verbose parsed url   auth: null,
41 verbose parsed url   host: null,
41 verbose parsed url   port: null,
41 verbose parsed url   hostname: null,
41 verbose parsed url   hash: null,
41 verbose parsed url   search: null,
41 verbose parsed url   query: null,
41 verbose parsed url   pathname: 'chai@^2.1.2',
41 verbose parsed url   path: 'chai@^2.1.2',
41 verbose parsed url   href: 'chai@^2.1.2' }
42 verbose cache add name="chai" spec="^2.1.2" args=["chai","^2.1.2"]
43 verbose parsed url { protocol: null,
43 verbose parsed url   slashes: null,
43 verbose parsed url   auth: null,
43 verbose parsed url   host: null,
43 verbose parsed url   port: null,
43 verbose parsed url   hostname: null,
43 verbose parsed url   hash: null,
43 verbose parsed url   search: null,
43 verbose parsed url   query: null,
43 verbose parsed url   pathname: '^2.1.2',
43 verbose parsed url   path: '^2.1.2',
43 verbose parsed url   href: '^2.1.2' }
44 verbose addNamed [ 'chai', '^2.1.2' ]
45 verbose addNamed [ null, '>=2.1.2-0 <3.0.0-0' ]
46 silly lockFile d4e7a5e2-chai-2-1-2 chai@^2.1.2
47 verbose lock chai@^2.1.2 /home/sarah/.npm/d4e7a5e2-chai-2-1-2.lock
48 verbose already installed skipping hapi@^8.4.0 /home/sarah/TEAM-SORD/hapiweek.github.io
49 verbose cache add [ 'hapi-auth-cookie@^2.0.0', null ]
50 verbose cache add name=undefined spec="hapi-auth-cookie@^2.0.0" args=["hapi-auth-cookie@^2.0.0",null]
51 verbose parsed url { protocol: null,
51 verbose parsed url   slashes: null,
51 verbose parsed url   auth: null,
51 verbose parsed url   host: null,
51 verbose parsed url   port: null,
51 verbose parsed url   hostname: null,
51 verbose parsed url   hash: null,
51 verbose parsed url   search: null,
51 verbose parsed url   query: null,
51 verbose parsed url   pathname: 'hapi-auth-cookie@^2.0.0',
51 verbose parsed url   path: 'hapi-auth-cookie@^2.0.0',
51 verbose parsed url   href: 'hapi-auth-cookie@^2.0.0' }
52 verbose cache add name="hapi-auth-cookie" spec="^2.0.0" args=["hapi-auth-cookie","^2.0.0"]
53 verbose parsed url { protocol: null,
53 verbose parsed url   slashes: null,
53 verbose parsed url   auth: null,
53 verbose parsed url   host: null,
53 verbose parsed url   port: null,
53 verbose parsed url   hostname: null,
53 verbose parsed url   hash: null,
53 verbose parsed url   search: null,
53 verbose parsed url   query: null,
53 verbose parsed url   pathname: '^2.0.0',
53 verbose parsed url   path: '^2.0.0',
53 verbose parsed url   href: '^2.0.0' }
54 verbose addNamed [ 'hapi-auth-cookie', '^2.0.0' ]
55 verbose addNamed [ null, '>=2.0.0-0 <3.0.0-0' ]
56 silly lockFile 4dbc8a7b-hapi-auth-cookie-2-0-0 hapi-auth-cookie@^2.0.0
57 verbose lock hapi-auth-cookie@^2.0.0 /home/sarah/.npm/4dbc8a7b-hapi-auth-cookie-2-0-0.lock
58 silly addNameRange { name: 'jade', range: '>=1.9.2-0 <2.0.0-0', hasData: false }
59 info addNameTag [ 'path', '^-1.11.14' ]
60 silly addNameRange { name: 'bell', range: '>=2.2.0-0 <3.0.0-0', hasData: false }
61 silly addNameRange { name: 'chai', range: '>=2.1.2-0 <3.0.0-0', hasData: false }
62 silly addNameRange { name: 'hapi-auth-cookie',
62 silly addNameRange   range: '>=2.0.0-0 <3.0.0-0',
62 silly addNameRange   hasData: false }
63 verbose request where is /path
64 verbose request registry https://registry.npmjs.org/
65 verbose request id 610ae15a8f117a9b
66 verbose url raw /path
67 verbose url resolving [ 'https://registry.npmjs.org/', './path' ]
68 verbose url resolved https://registry.npmjs.org/path
69 verbose request where is https://registry.npmjs.org/path
70 info trying registry request attempt 1 at 11:56:16
71 verbose etag "9CREZ1DZ1BH24YRI092PTGQ9H"
72 http GET https://registry.npmjs.org/path
73 verbose request where is /jade
74 verbose request registry https://registry.npmjs.org/
75 verbose url raw /jade
76 verbose url resolving [ 'https://registry.npmjs.org/', './jade' ]
77 verbose url resolved https://registry.npmjs.org/jade
78 verbose request where is https://registry.npmjs.org/jade
79 info trying registry request attempt 1 at 11:56:16
80 verbose etag "934GXHA48X73XBSJQO0T4MBSL"
81 http GET https://registry.npmjs.org/jade
82 verbose request where is /hapi-auth-cookie
83 verbose request registry https://registry.npmjs.org/
84 verbose url raw /hapi-auth-cookie
85 verbose url resolving [ 'https://registry.npmjs.org/', './hapi-auth-cookie' ]
86 verbose url resolved https://registry.npmjs.org/hapi-auth-cookie
87 verbose request where is https://registry.npmjs.org/hapi-auth-cookie
88 info trying registry request attempt 1 at 11:56:16
89 verbose etag "CQMELG51MI64IF8S6ZYSLMOKE"
90 http GET https://registry.npmjs.org/hapi-auth-cookie
91 verbose request where is /chai
92 verbose request registry https://registry.npmjs.org/
93 verbose url raw /chai
94 verbose url resolving [ 'https://registry.npmjs.org/', './chai' ]
95 verbose url resolved https://registry.npmjs.org/chai
96 verbose request where is https://registry.npmjs.org/chai
97 info trying registry request attempt 1 at 11:56:16
98 verbose etag "5JWPYMWB3XISK4Q5UK7TJDNP7"
99 http GET https://registry.npmjs.org/chai
100 verbose request where is /bell
101 verbose request registry https://registry.npmjs.org/
102 verbose url raw /bell
103 verbose url resolving [ 'https://registry.npmjs.org/', './bell' ]
104 verbose url resolved https://registry.npmjs.org/bell
105 verbose request where is https://registry.npmjs.org/bell
106 info trying registry request attempt 1 at 11:56:16
107 verbose etag "CTPXU54BEGDEKCR8XS9Y7Q4D0"
108 http GET https://registry.npmjs.org/bell
109 http 304 https://registry.npmjs.org/jade
110 silly registry.get cb [ 304,
110 silly registry.get   { date: 'Thu, 19 Mar 2015 11:56:16 GMT',
110 silly registry.get     server: 'Apache',
110 silly registry.get     via: '1.1 varnish',
110 silly registry.get     'last-modified': 'Thu, 19 Mar 2015 11:56:16 GMT',
110 silly registry.get     'cache-control': 'max-age=60',
110 silly registry.get     etag: '"934GXHA48X73XBSJQO0T4MBSL"',
110 silly registry.get     age: '2',
110 silly registry.get     'x-served-by': 'cache-lhr6326-LHR',
110 silly registry.get     'x-cache': 'HIT',
110 silly registry.get     'x-cache-hits': '1',
110 silly registry.get     'x-timer': 'S1426766176.342372,VS0,VE1',
110 silly registry.get     vary: 'Accept',
110 silly registry.get     'content-length': '0',
110 silly registry.get     'keep-alive': 'timeout=10, max=50',
110 silly registry.get     connection: 'Keep-Alive' } ]
111 verbose etag https://registry.npmjs.org/jade from cache
112 http 304 https://registry.npmjs.org/chai
113 silly registry.get cb [ 304,
113 silly registry.get   { date: 'Thu, 19 Mar 2015 11:56:16 GMT',
113 silly registry.get     server: 'Apache',
113 silly registry.get     via: '1.1 varnish',
113 silly registry.get     'last-modified': 'Thu, 19 Mar 2015 11:56:16 GMT',
113 silly registry.get     'cache-control': 'max-age=60',
113 silly registry.get     etag: '"5JWPYMWB3XISK4Q5UK7TJDNP7"',
113 silly registry.get     age: '10',
113 silly registry.get     'x-served-by': 'cache-lhr6335-LHR',
113 silly registry.get     'x-cache': 'HIT',
113 silly registry.get     'x-cache-hits': '1',
113 silly registry.get     'x-timer': 'S1426766176.368089,VS0,VE0',
113 silly registry.get     vary: 'Accept',
113 silly registry.get     'content-length': '0',
113 silly registry.get     'keep-alive': 'timeout=10, max=50',
113 silly registry.get     connection: 'Keep-Alive' } ]
114 verbose etag https://registry.npmjs.org/chai from cache
115 silly addNameRange number 2 { name: 'jade', range: '>=1.9.2-0 <2.0.0-0', hasData: true }
116 silly addNameRange versions [ 'jade',
116 silly addNameRange   [ '0.0.1',
116 silly addNameRange     '0.0.2',
116 silly addNameRange     '0.1.0',
116 silly addNameRange     '0.2.0',
116 silly addNameRange     '0.2.1',
116 silly addNameRange     '0.2.2',
116 silly addNameRange     '0.2.3',
116 silly addNameRange     '0.2.4',
116 silly addNameRange     '0.3.0',
116 silly addNameRange     '0.4.0',
116 silly addNameRange     '0.4.1',
116 silly addNameRange     '0.5.0',
116 silly addNameRange     '0.5.1',
116 silly addNameRange     '0.5.2',
116 silly addNameRange     '0.5.3',
116 silly addNameRange     '0.5.4',
116 silly addNameRange     '0.5.5',
116 silly addNameRange     '0.5.6',
116 silly addNameRange     '0.5.7',
116 silly addNameRange     '0.6.0',
116 silly addNameRange     '0.6.1',
116 silly addNameRange     '0.6.3',
116 silly addNameRange     '0.7.0',
116 silly addNameRange     '0.7.1',
116 silly addNameRange     '0.8.0',
116 silly addNameRange     '0.8.1',
116 silly addNameRange     '0.8.2',
116 silly addNameRange     '0.8.3',
116 silly addNameRange     '0.8.4',
116 silly addNameRange     '0.8.5',
116 silly addNameRange     '0.8.6',
116 silly addNameRange     '0.8.7',
116 silly addNameRange     '0.8.8',
116 silly addNameRange     '0.8.9',
116 silly addNameRange     '0.9.0',
116 silly addNameRange     '0.9.1',
116 silly addNameRange     '0.9.2',
116 silly addNameRange     '0.9.3',
116 silly addNameRange     '0.10.0',
116 silly addNameRange     '0.10.1',
116 silly addNameRange     '0.10.2',
116 silly addNameRange     '0.10.3',
116 silly addNameRange     '0.10.4',
116 silly addNameRange     '0.10.5',
116 silly addNameRange     '0.10.6',
116 silly addNameRange     '0.10.7',
116 silly addNameRange     '0.11.0',
116 silly addNameRange     '0.11.1',
116 silly addNameRange     '0.12.0',
116 silly addNameRange     '0.12.1',
116 silly addNameRange     '0.12.2',
116 silly addNameRange     '0.12.3',
116 silly addNameRange     '0.12.4',
116 silly addNameRange     '0.13.0',
116 silly addNameRange     '0.14.0',
116 silly addNameRange     '0.14.1',
116 silly addNameRange     '0.14.2',
116 silly addNameRange     '0.15.0',
116 silly addNameRange     '0.15.1',
116 silly addNameRange     '0.15.2',
116 silly addNameRange     '0.15.3',
116 silly addNameRange     '0.15.4',
116 silly addNameRange     '0.16.0',
116 silly addNameRange     '0.16.1',
116 silly addNameRange     '0.16.2',
116 silly addNameRange     '0.16.3',
116 silly addNameRange     '0.16.4',
116 silly addNameRange     '0.17.0',
116 silly addNameRange     '0.18.0',
116 silly addNameRange     '0.19.0',
116 silly addNameRange     '0.20.0',
116 silly addNameRange     '0.20.1',
116 silly addNameRange     '0.20.2',
116 silly addNameRange     '0.20.3',
116 silly addNameRange     '0.21.0',
116 silly addNameRange     '0.22.0',
116 silly addNameRange     '0.22.1',
116 silly addNameRange     '0.23.0',
116 silly addNameRange     '0.24.0',
116 silly addNameRange     '0.25.0',
116 silly addNameRange     '0.26.0',
116 silly addNameRange     '0.26.1',
116 silly addNameRange     '0.26.2',
116 silly addNameRange     '0.26.3',
116 silly addNameRange     '0.27.0',
116 silly addNameRange     '0.27.1',
116 silly addNameRange     '0.27.2',
116 silly addNameRange     '0.27.3',
116 silly addNameRange     '0.27.4',
116 silly addNameRange     '0.27.5',
116 silly addNameRange     '0.27.6',
116 silly addNameRange     '0.27.7',
116 silly addNameRange     '0.28.0',
116 silly addNameRange     '0.28.1',
116 silly addNameRange     '0.28.2',
116 silly addNameRange     '0.29.0',
116 silly addNameRange     '0.30.0',
116 silly addNameRange     '0.31.0',
116 silly addNameRange     '0.31.1',
116 silly addNameRange     '0.31.2',
116 silly addNameRange     '0.32.0',
116 silly addNameRange     '0.33.0',
116 silly addNameRange     '0.34.0',
116 silly addNameRange     '0.34.1',
116 silly addNameRange     '0.35.0',
116 silly addNameRange     '1.0.0',
116 silly addNameRange     '1.0.1',
116 silly addNameRange     '1.0.2',
116 silly addNameRange     '1.1.0',
116 silly addNameRange     '1.1.1',
116 silly addNameRange     '1.1.2',
116 silly addNameRange     '1.1.3',
116 silly addNameRange     '1.1.4',
116 silly addNameRange     '1.1.5',
116 silly addNameRange     '1.2.0',
116 silly addNameRange     '1.3.0',
116 silly addNameRange     '1.3.1',
116 silly addNameRange     '1.4.0',
116 silly addNameRange     '1.4.1',
116 silly addNameRange     '1.4.2',
116 silly addNameRange     '1.5.0',
116 silly addNameRange     '1.6.0',
116 silly addNameRange     '1.7.0',
116 silly addNameRange     '1.8.0',
116 silly addNameRange     '1.8.1',
116 silly addNameRange     '1.8.2',
116 silly addNameRange     '1.9.0',
116 silly addNameRange     '1.9.1',
116 silly addNameRange     '1.9.2' ] ]
117 verbose addNamed [ 'jade', '1.9.2' ]
118 verbose addNamed [ '1.9.2', '1.9.2' ]
119 silly lockFile 20e0e06b-jade-1-9-2 jade@1.9.2
120 verbose lock jade@1.9.2 /home/sarah/.npm/20e0e06b-jade-1-9-2.lock
121 silly addNameRange number 2 { name: 'chai', range: '>=2.1.2-0 <3.0.0-0', hasData: true }
122 silly addNameRange versions [ 'chai',
122 silly addNameRange   [ '0.0.1',
122 silly addNameRange     '0.0.2',
122 silly addNameRange     '0.1.0',
122 silly addNameRange     '0.1.1',
122 silly addNameRange     '0.1.2',
122 silly addNameRange     '0.1.3',
122 silly addNameRange     '0.1.4',
122 silly addNameRange     '0.1.5',
122 silly addNameRange     '0.1.6',
122 silly addNameRange     '0.1.7',
122 silly addNameRange     '0.2.0',
122 silly addNameRange     '0.2.1',
122 silly addNameRange     '0.2.2',
122 silly addNameRange     '0.2.3',
122 silly addNameRange     '0.2.4',
122 silly addNameRange     '0.3.0',
122 silly addNameRange     '0.3.1',
122 silly addNameRange     '0.3.2',
122 silly addNameRange     '0.3.3',
122 silly addNameRange     '0.3.4',
122 silly addNameRange     '0.4.0',
122 silly addNameRange     '0.4.1',
122 silly addNameRange     '0.4.2',
122 silly addNameRange     '0.5.0',
122 silly addNameRange     '0.5.1',
122 silly addNameRange     '0.5.2',
122 silly addNameRange     '0.5.3',
122 silly addNameRange     '1.0.0',
122 silly addNameRange     '1.0.1',
122 silly addNameRange     '1.0.2',
122 silly addNameRange     '1.0.3',
122 silly addNameRange     '1.0.4',
122 silly addNameRange     '1.1.0',
122 silly addNameRange     '1.1.1',
122 silly addNameRange     '1.2.0',
122 silly addNameRange     '1.3.0',
122 silly addNameRange     '1.4.0',
122 silly addNameRange     '1.4.1',
122 silly addNameRange     '1.4.2',
122 silly addNameRange     '1.5.0',
122 silly addNameRange     '1.6.0',
122 silly addNameRange     '1.6.1',
122 silly addNameRange     '1.7.0',
122 silly addNameRange     '1.7.1',
122 silly addNameRange     '1.7.2',
122 silly addNameRange     '1.8.0',
122 silly addNameRange     '1.8.1',
122 silly addNameRange     '1.9.0',
122 silly addNameRange     '1.9.1',
122 silly addNameRange     '1.9.2',
122 silly addNameRange     '1.10.0',
122 silly addNameRange     '2.0.0',
122 silly addNameRange     '2.1.0',
122 silly addNameRange     '2.1.1',
122 silly addNameRange     '2.1.2' ] ]
123 verbose addNamed [ 'chai', '2.1.2' ]
124 verbose addNamed [ '2.1.2', '2.1.2' ]
125 silly lockFile 356589b8-chai-2-1-2 chai@2.1.2
126 verbose lock chai@2.1.2 /home/sarah/.npm/356589b8-chai-2-1-2.lock
127 silly lockFile 356589b8-chai-2-1-2 chai@2.1.2
128 silly lockFile 356589b8-chai-2-1-2 chai@2.1.2
129 silly lockFile d4e7a5e2-chai-2-1-2 chai@^2.1.2
130 silly lockFile d4e7a5e2-chai-2-1-2 chai@^2.1.2
131 silly lockFile 20e0e06b-jade-1-9-2 jade@1.9.2
132 silly lockFile 20e0e06b-jade-1-9-2 jade@1.9.2
133 silly lockFile 381ca5c2-jade-1-9-2 jade@^1.9.2
134 silly lockFile 381ca5c2-jade-1-9-2 jade@^1.9.2
135 http 304 https://registry.npmjs.org/bell
136 silly registry.get cb [ 304,
136 silly registry.get   { date: 'Thu, 19 Mar 2015 11:56:16 GMT',
136 silly registry.get     server: 'Apache',
136 silly registry.get     via: '1.1 varnish',
136 silly registry.get     'last-modified': 'Thu, 19 Mar 2015 11:56:16 GMT',
136 silly registry.get     'cache-control': 'max-age=60',
136 silly registry.get     etag: '"CTPXU54BEGDEKCR8XS9Y7Q4D0"',
136 silly registry.get     age: '0',
136 silly registry.get     'x-served-by': 'cache-lhr6328-LHR',
136 silly registry.get     'x-cache': 'MISS',
136 silly registry.get     'x-cache-hits': '0',
136 silly registry.get     'x-timer': 'S1426766176.367372,VS0,VE173',
136 silly registry.get     vary: 'Accept',
136 silly registry.get     'content-length': '0',
136 silly registry.get     'keep-alive': 'timeout=10, max=50',
136 silly registry.get     connection: 'Keep-Alive' } ]
137 verbose etag https://registry.npmjs.org/bell from cache
138 silly addNameRange number 2 { name: 'bell', range: '>=2.2.0-0 <3.0.0-0', hasData: true }
139 silly addNameRange versions [ 'bell',
139 silly addNameRange   [ '0.0.0',
139 silly addNameRange     '1.0.0',
139 silly addNameRange     '1.0.1',
139 silly addNameRange     '1.0.2',
139 silly addNameRange     '1.1.0',
139 silly addNameRange     '1.2.0',
139 silly addNameRange     '1.3.0',
139 silly addNameRange     '1.3.1',
139 silly addNameRange     '2.0.0-rc1',
139 silly addNameRange     '2.0.0',
139 silly addNameRange     '2.1.0',
139 silly addNameRange     '2.2.0' ] ]
140 verbose addNamed [ 'bell', '2.2.0' ]
141 verbose addNamed [ '2.2.0', '2.2.0' ]
142 silly lockFile a516588e-bell-2-2-0 bell@2.2.0
143 verbose lock bell@2.2.0 /home/sarah/.npm/a516588e-bell-2-2-0.lock
144 silly lockFile a516588e-bell-2-2-0 bell@2.2.0
145 silly lockFile a516588e-bell-2-2-0 bell@2.2.0
146 silly lockFile d59e6564-bell-2-2-0 bell@^2.2.0
147 silly lockFile d59e6564-bell-2-2-0 bell@^2.2.0
148 http 304 https://registry.npmjs.org/path
149 silly registry.get cb [ 304,
149 silly registry.get   { date: 'Thu, 19 Mar 2015 11:56:16 GMT',
149 silly registry.get     server: 'Apache',
149 silly registry.get     via: '1.1 varnish',
149 silly registry.get     'last-modified': 'Thu, 19 Mar 2015 11:56:16 GMT',
149 silly registry.get     'cache-control': 'max-age=60',
149 silly registry.get     etag: '"9CREZ1DZ1BH24YRI092PTGQ9H"',
149 silly registry.get     age: '0',
149 silly registry.get     'x-served-by': 'cache-lhr6330-LHR',
149 silly registry.get     'x-cache': 'HIT',
149 silly registry.get     'x-cache-hits': '1',
149 silly registry.get     'x-timer': 'S1426766176.330101,VS0,VE635',
149 silly registry.get     vary: 'Accept',
149 silly registry.get     'content-length': '0',
149 silly registry.get     'keep-alive': 'timeout=10, max=50',
149 silly registry.get     connection: 'Keep-Alive' } ]
150 verbose etag https://registry.npmjs.org/path from cache
151 silly lockFile aa4017a5-path-1-11-14 path@^-1.11.14
152 silly lockFile aa4017a5-path-1-11-14 path@^-1.11.14
153 http 304 https://registry.npmjs.org/hapi-auth-cookie
154 silly registry.get cb [ 304,
154 silly registry.get   { date: 'Thu, 19 Mar 2015 11:56:16 GMT',
154 silly registry.get     server: 'Apache',
154 silly registry.get     via: '1.1 varnish',
154 silly registry.get     'last-modified': 'Thu, 19 Mar 2015 11:56:17 GMT',
154 silly registry.get     'cache-control': 'max-age=60',
154 silly registry.get     etag: '"CQMELG51MI64IF8S6ZYSLMOKE"',
154 silly registry.get     age: '0',
154 silly registry.get     'x-served-by': 'cache-lhr6327-LHR',
154 silly registry.get     'x-cache': 'HIT',
154 silly registry.get     'x-cache-hits': '1',
154 silly registry.get     'x-timer': 'S1426766176.353140,VS0,VE653',
154 silly registry.get     vary: 'Accept',
154 silly registry.get     'content-length': '0',
154 silly registry.get     'keep-alive': 'timeout=10, max=50',
154 silly registry.get     connection: 'Keep-Alive' } ]
155 verbose etag https://registry.npmjs.org/hapi-auth-cookie from cache
156 silly addNameRange number 2 { name: 'hapi-auth-cookie',
156 silly addNameRange   range: '>=2.0.0-0 <3.0.0-0',
156 silly addNameRange   hasData: true }
157 silly addNameRange versions [ 'hapi-auth-cookie',
157 silly addNameRange   [ '1.0.0',
157 silly addNameRange     '1.0.1',
157 silly addNameRange     '1.0.2',
157 silly addNameRange     '1.0.3',
157 silly addNameRange     '1.1.0',
157 silly addNameRange     '1.2.0',
157 silly addNameRange     '1.3.0',
157 silly addNameRange     '1.3.1',
157 silly addNameRange     '1.3.2',
157 silly addNameRange     '1.4.0',
157 silly addNameRange     '1.4.1',
157 silly addNameRange     '2.0.0-rc1',
157 silly addNameRange     '1.4.2',
157 silly addNameRange     '2.0.0-rc2',
157 silly addNameRange     '2.0.0' ] ]
158 verbose addNamed [ 'hapi-auth-cookie', '2.0.0' ]
159 verbose addNamed [ '2.0.0', '2.0.0' ]
160 silly lockFile 11cfebb8-hapi-auth-cookie-2-0-0 hapi-auth-cookie@2.0.0
161 verbose lock hapi-auth-cookie@2.0.0 /home/sarah/.npm/11cfebb8-hapi-auth-cookie-2-0-0.lock
162 silly lockFile 11cfebb8-hapi-auth-cookie-2-0-0 hapi-auth-cookie@2.0.0
163 silly lockFile 11cfebb8-hapi-auth-cookie-2-0-0 hapi-auth-cookie@2.0.0
164 silly lockFile 4dbc8a7b-hapi-auth-cookie-2-0-0 hapi-auth-cookie@^2.0.0
165 silly lockFile 4dbc8a7b-hapi-auth-cookie-2-0-0 hapi-auth-cookie@^2.0.0
166 error notarget No compatible version found: path@'^-1.11.14'
166 error notarget Valid install targets:
166 error notarget ["0.4.9","0.4.10","0.11.14"]
166 error notarget
166 error notarget This is most likely not a problem with npm itself.
166 error notarget In most cases you or one of your dependencies are requesting
166 error notarget a package version that doesn't exist.
167 error System Linux 3.13.0-46-generic
168 error command "/usr/local/bin/node" "/usr/local/bin/npm" "install"
169 error cwd /home/sarah/TEAM-SORD/hapiweek.github.io
170 error node -v v0.10.33
171 error npm -v 1.4.28
172 error code ETARGET
173 verbose exit [ 1, true ]
